Performing C SOURCE FILE Test CMAKE_HAVE_LIBC_PTHREAD failed with the following output:
Change Dir: /home/hoernel/Documents/Programme c++/BotDiscord/build/CMakeFiles/CMakeTmp

Run Build Command(s):/usr/bin/make cmTC_ae6de/fast && /usr/bin/make -f CMakeFiles/cmTC_ae6de.dir/build.make CMakeFiles/cmTC_ae6de.dir/build
make[1] : on entre dans le répertoire « /home/hoernel/Documents/Programme c++/BotDiscord/build/CMakeFiles/CMakeTmp »
Building C object CMakeFiles/cmTC_ae6de.dir/src.c.o
/usr/bin/x86_64-linux-gnu-gcc-9   -DCMAKE_HAVE_LIBC_PTHREAD   -o CMakeFiles/cmTC_ae6de.dir/src.c.o   -c "/home/hoernel/Documents/Programme c++/BotDiscord/build/CMakeFiles/CMakeTmp/src.c"
Linking C executable cmTC_ae6de
/usr/bin/cmake -E cmake_link_script CMakeFiles/cmTC_ae6de.dir/link.txt --verbose=1
/usr/bin/x86_64-linux-gnu-gcc-9  -DCMAKE_HAVE_LIBC_PTHREAD    CMakeFiles/cmTC_ae6de.dir/src.c.o  -o cmTC_ae6de 
/usr/bin/ld : CMakeFiles/cmTC_ae6de.dir/src.c.o : dans la fonction « main » :
src.c:(.text+0x46) : référence indéfinie vers « pthread_create »
/usr/bin/ld : src.c:(.text+0x52) : référence indéfinie vers « pthread_detach »
/usr/bin/ld : src.c:(.text+0x63) : référence indéfinie vers « pthread_join »
collect2: error: ld returned 1 exit status
make[1]: *** [CMakeFiles/cmTC_ae6de.dir/build.make:87 : cmTC_ae6de] Erreur 1
make[1] : on quitte le répertoire « /home/hoernel/Documents/Programme c++/BotDiscord/build/CMakeFiles/CMakeTmp »
make: *** [Makefile:121 : cmTC_ae6de/fast] Erreur 2


Source file was:
#include <pthread.h>

void* test_func(void* data)
{
  return data;
}

int main(void)
{
  pthread_t thread;
  pthread_create(&thread, NULL, test_func, NULL);
  pthread_detach(thread);
  pthread_join(thread, NULL);
  pthread_atfork(NULL, NULL, NULL);
  pthread_exit(NULL);

  return 0;
}

